<?xml version="1.0" encoding="UTF-8"?>
<!-- Generated by org.testng.reporters.JUnitReportReporter -->
<testsuite hostname="boyidi" failures="0" tests="1" name="com.qa.tests.NewTest" time="12.928" errors="0" timestamp="11 Jun 2019 00:48:43 GMT" skipped="0">
  <testcase classname="com.qa.tests.NewTest" name="openMyBlog" time="12.928"/>
</testsuite> <!-- com.qa.tests.NewTest -->
